<?xml version="1.0" encoding="UTF-8"?>
<testsuites name="Sample Test Suite" time="16" tests="1" failures="0" errors="0">
   <testsuite name="Sample Test Suite" tests="1" failures="0" errors="0" time="16" timestamp="2019-06-24 19:44:33" hostname="703177749 - BMCLPJRF2" id="Test Suites/Sample Test Suite">
      <properties>
         <property name="deviceName" value=""/>
         <property name="devicePlatform" value=""/>
         <property name="logFolder" value="C:\\Users\\703177749\\Desktop\\Katalon - EnTAF Reporting\\Katalon - EnTAF Reporting\\EnTAF Reporting\\Reports\\Sample Test Suite\\20190624_194429"/>
         <property name="logFiles" value="C:\\Users\\703177749\\Desktop\\Katalon - EnTAF Reporting\\Katalon - EnTAF Reporting\\EnTAF Reporting\\Reports\\Sample Test Suite\\20190624_194429\\execution0.log"/>
         <property name="attachments" value=""/>
         <property name="hostName" value="703177749 - BMCLPJRF2"/>
         <property name="os" value="Windows 10 64bit"/>
         <property name="katalonVersion" value="6.0.5.10"/>
         <property name="browser" value="Chrome 74.0.3729.108"/>
         <property name="hostAddress" value="10.168.217.135"/>
         <property name="sessionId" value="71a00c64ae9d42eedeb052a3b44a735b"/>
         <property name="seleniumVersion" value="3.7.1"/>
         <property name="proxyInformation" value="ProxyInformation{proxyOption=NO_PROXY, proxyServerType=HTTP, password=, proxyServerAddress=, proxyServerPort=0}"/>
         <property name="platform" value="Windows 10"/>
      </properties>
      <testcase name="Test Cases/Login Module/passScenario" classname="Test Cases/Login Module/passScenario" status="PASSED">
         <system-out><![CDATA[2019-06-24 19:44:34 - [TEST_CASE][PASSED] - Test Cases/Login Module/passScenario: Test Cases/Login Module/passScenario

2019-06-24 19:44:34 - [TEST_STEP][PASSED] - Start listener action : setUp: com.utils.reporting.createFile is PASSED

2019-06-24 19:44:34 - [TEST_STEP][PASSED] - testName = testCaseContext.getTestCaseId(): null

2019-06-24 19:44:34 - [TEST_STEP][PASSED] - fullPath = testName: null

2019-06-24 19:44:34 - [TEST_STEP][PASSED] - segments = fullPath.split("/"): null

2019-06-24 19:44:34 - [TEST_STEP][PASSED] - testName = segments[length - 1]: null

2019-06-24 19:44:34 - [TEST_STEP][PASSED] - moduleName = segments[length - 2]: null

2019-06-24 19:44:34 - [TEST_STEP][PASSED] - browserName = getExecutedBrowser().getName(): null

2019-06-24 19:44:35 - [TEST_STEP][PASSED] - browser = browserName: null

2019-06-24 19:44:35 - [TEST_STEP][PASSED] - partition = browser.split("_"): null

2019-06-24 19:44:35 - [TEST_STEP][PASSED] - browserName = partition[length - 2]: null

2019-06-24 19:44:35 - [TEST_STEP][PASSED] - com.utils.reporting.createFile(testName): com.utils.reporting.createFile is PASSED

2019-06-24 19:44:35 - [MESSAGE][PASSED] - com.utils.reporting.createFile is PASSED

2019-06-24 19:44:35 - [TEST_STEP][PASSED] - openBrowser(""): Browser is opened with url: ''

2019-06-24 19:44:36 - [MESSAGE][INFO] - Starting 'Chrome' driver

2019-06-24 19:44:36 - [MESSAGE][INFO] - Action delay is set to 0 seconds

2019-06-24 19:44:41 - [MESSAGE][PASSED] - Browser is opened with url: ''

2019-06-24 19:44:41 - [TEST_STEP][PASSED] - navigateToUrl(URL): Navigate to 'http://cncdevui.azurewebsites.net/UI/#/account/login' successfully

2019-06-24 19:44:48 - [MESSAGE][PASSED] - Navigate to 'http://cncdevui.azurewebsites.net/UI/#/account/login' successfully

2019-06-24 19:44:48 - [TEST_STEP][PASSED] - waitForPageLoad(Max_Delay): Wait for page load successfully

2019-06-24 19:44:48 - [MESSAGE][PASSED] - Wait for page load successfully

2019-06-24 19:44:48 - [TEST_STEP][PASSED] - try: com.utils.reporting.writeIntoFile is PASSED

2019-06-24 19:44:48 - [TEST_STEP][PASSED] - com.utils.reporting.writeIntoFile(testName, "stepSummary", "stepDecription", browserName, "ActualResult", pass, "", com.utils.reporting.getCurrentDateTime()): com.utils.reporting.writeIntoFile is PASSED

2019-06-24 19:44:48 - [MESSAGE][PASSED] - com.utils.reporting.getCurrentDateTime is PASSED

2019-06-24 19:44:48 - [MESSAGE][PASSED] - com.utils.reporting.writeIntoFile is PASSED

2019-06-24 19:44:48 - [TEST_STEP][PASSED] - Start listener action : tearDown: null

2019-06-24 19:44:48 - [TEST_STEP][PASSED] - com.utils.reporting.afterTestRun(): com.utils.reporting.afterTestRun is PASSED

2019-06-24 19:44:48 - [MESSAGE][PASSED] - com.utils.reporting.afterTestRun is PASSED

2019-06-24 19:44:48 - [TEST_STEP][PASSED] - com.utils.reporting.afterScript(moduleName, testName): com.utils.reporting.afterScript is PASSED

2019-06-24 19:44:48 - [MESSAGE][PASSED] - com.utils.reporting.afterScript is PASSED

2019-06-24 19:44:48 - [TEST_STEP][PASSED] - stepNo = 1: null]]></system-out>
         <system-err><![CDATA[]]></system-err>
      </testcase>
      <system-out><![CDATA[2019-06-24 19:44:33 - [TEST_SUITE][PASSED] - Sample Test Suite: Test Cases/Login Module/passScenario]]></system-out>
      <system-err><![CDATA[]]></system-err>
   </testsuite>
</testsuites>
