<?xml version="1.0" encoding="UTF-8"?>
<testsuites name="New Test Suite" time="2" tests="1" failures="0" errors="0">
   <testsuite name="New Test Suite" tests="1" failures="0" errors="0" time="2" timestamp="2019-06-24 17:21:17" hostname="703177749 - BMCLPJRF2" id="Test Suites/New Test Suite">
      <properties>
         <property name="deviceName" value=""/>
         <property name="devicePlatform" value=""/>
         <property name="logFolder" value="C:\\Users\\703177749\\Desktop\\Katalon - EnTAF Reporting\\Katalon - EnTAF Reporting\\EnTAF Reporting\\Reports\\New Test Suite\\20190624_172113"/>
         <property name="logFiles" value="C:\\Users\\703177749\\Desktop\\Katalon - EnTAF Reporting\\Katalon - EnTAF Reporting\\EnTAF Reporting\\Reports\\New Test Suite\\20190624_172113\\execution0.log"/>
         <property name="attachments" value=""/>
         <property name="hostName" value="703177749 - BMCLPJRF2"/>
         <property name="hostAddress" value="10.168.217.135"/>
         <property name="os" value="Windows 10 64bit"/>
         <property name="katalonVersion" value="6.0.5.10"/>
      </properties>
      <testcase name="Test Cases/tryingReport" classname="Test Cases/tryingReport" status="PASSED">
         <system-out><![CDATA[2019-06-24 17:21:18 - [TEST_CASE][PASSED] - Test Cases/tryingReport: Test Cases/tryingReport

2019-06-24 17:21:19 - [TEST_STEP][PASSED] - Start listener action : setUp: com.utils.reporting.createFile is PASSED

2019-06-24 17:21:19 - [TEST_STEP][PASSED] - testName = testCaseContext.getTestCaseId(): null

2019-06-24 17:21:19 - [TEST_STEP][PASSED] - fullPath = testName: null

2019-06-24 17:21:19 - [TEST_STEP][PASSED] - segments = fullPath.split("/"): null

2019-06-24 17:21:19 - [TEST_STEP][PASSED] - testName = segments[length - 1]: null

2019-06-24 17:21:19 - [TEST_STEP][PASSED] - moduleName = segments[length - 2]: null

2019-06-24 17:21:19 - [TEST_STEP][PASSED] - com.utils.reporting.createFile(testName): com.utils.reporting.createFile is PASSED

2019-06-24 17:21:19 - [MESSAGE][PASSED] - com.utils.reporting.createFile is PASSED

2019-06-24 17:21:19 - [TEST_STEP][PASSED] - com.utils.reporting.writeIntoFile(testName, "stepSummary", "stepDecription", "ActualResult", pass, "", com.utils.reporting.getCurrentDateTime()): com.utils.reporting.writeIntoFile is PASSED

2019-06-24 17:21:19 - [MESSAGE][PASSED] - com.utils.reporting.getCurrentDateTime is PASSED

2019-06-24 17:21:19 - [MESSAGE][PASSED] - com.utils.reporting.writeIntoFile is PASSED

2019-06-24 17:21:19 - [TEST_STEP][PASSED] - com.utils.reporting.writeIntoFile(testName, "stepSummary", "stepDecription", "ActualResult", pass, "", com.utils.reporting.getCurrentDateTime()): com.utils.reporting.writeIntoFile is PASSED

2019-06-24 17:21:19 - [MESSAGE][PASSED] - com.utils.reporting.getCurrentDateTime is PASSED

2019-06-24 17:21:19 - [MESSAGE][PASSED] - com.utils.reporting.writeIntoFile is PASSED

2019-06-24 17:21:19 - [TEST_STEP][PASSED] - com.utils.reporting.writeIntoFile(testName, "stepSummary", "stepDecription", "ActualResult", pass, "", com.utils.reporting.getCurrentDateTime()): com.utils.reporting.writeIntoFile is PASSED

2019-06-24 17:21:19 - [MESSAGE][PASSED] - com.utils.reporting.getCurrentDateTime is PASSED

2019-06-24 17:21:19 - [MESSAGE][PASSED] - com.utils.reporting.writeIntoFile is PASSED

2019-06-24 17:21:19 - [TEST_STEP][PASSED] - com.utils.reporting.writeIntoFile(testName, "stepSummary", "stepDecription", "ActualResult", pass, "", com.utils.reporting.getCurrentDateTime()): com.utils.reporting.writeIntoFile is PASSED

2019-06-24 17:21:19 - [MESSAGE][PASSED] - com.utils.reporting.getCurrentDateTime is PASSED

2019-06-24 17:21:19 - [MESSAGE][PASSED] - com.utils.reporting.writeIntoFile is PASSED

2019-06-24 17:21:19 - [TEST_STEP][PASSED] - Start listener action : tearDown: null

2019-06-24 17:21:19 - [TEST_STEP][PASSED] - com.utils.reporting.afterTestRun(): com.utils.reporting.afterTestRun is PASSED

2019-06-24 17:21:19 - [MESSAGE][PASSED] - com.utils.reporting.afterTestRun is PASSED

2019-06-24 17:21:19 - [TEST_STEP][PASSED] - com.utils.reporting.afterScript(moduleName, testName): com.utils.reporting.afterScript is PASSED

2019-06-24 17:21:19 - [MESSAGE][PASSED] - com.utils.reporting.afterScript is PASSED

2019-06-24 17:21:19 - [TEST_STEP][PASSED] - stepNo = 1: null]]></system-out>
         <system-err><![CDATA[]]></system-err>
      </testcase>
      <system-out><![CDATA[2019-06-24 17:21:17 - [TEST_SUITE][PASSED] - New Test Suite: Test Cases/tryingReport]]></system-out>
      <system-err><![CDATA[]]></system-err>
   </testsuite>
</testsuites>
