<?xml version="1.0" encoding="UTF-8"?>
<testsuites name="New Test Suite" time="71" tests="1" failures="0" errors="0">
   <testsuite name="New Test Suite" tests="1" failures="0" errors="0" time="71" timestamp="2019-06-24 17:51:49" hostname="703177749 - BMCLPJRF2" id="Test Suites/New Test Suite">
      <properties>
         <property name="deviceName" value=""/>
         <property name="devicePlatform" value=""/>
         <property name="logFolder" value="C:\\Users\\703177749\\Desktop\\Katalon - EnTAF Reporting\\Katalon - EnTAF Reporting\\EnTAF Reporting\\Reports\\New Test Suite\\20190624_175145"/>
         <property name="logFiles" value="C:\\Users\\703177749\\Desktop\\Katalon - EnTAF Reporting\\Katalon - EnTAF Reporting\\EnTAF Reporting\\Reports\\New Test Suite\\20190624_175145\\execution0.log"/>
         <property name="attachments" value="C:\\Users\\703177749\\Desktop\\Katalon - EnTAF Reporting\\Katalon - EnTAF Reporting\\EnTAF Reporting\\\\Results\\Screenshots\\report_24-Jun-2019 17-52-59.jpg"/>
         <property name="hostName" value="703177749 - BMCLPJRF2"/>
         <property name="os" value="Windows 10 64bit"/>
         <property name="katalonVersion" value="6.0.5.10"/>
         <property name="browser" value="Chrome 74.0.3729.108"/>
         <property name="hostAddress" value="10.168.217.135"/>
         <property name="sessionId" value="f768cca3b650e08e5ed4014701c8328d"/>
         <property name="seleniumVersion" value="3.7.1"/>
         <property name="proxyInformation" value="ProxyInformation{proxyOption=NO_PROXY, proxyServerType=HTTP, password=, proxyServerAddress=, proxyServerPort=0}"/>
         <property name="platform" value="Windows 10"/>
      </properties>
      <testcase name="Test Cases/report" classname="Test Cases/report" status="PASSED">
         <system-out><![CDATA[2019-06-24 17:51:50 - [TEST_CASE][PASSED] - Test Cases/report: Test Cases/report

2019-06-24 17:51:50 - [TEST_STEP][PASSED] - Start listener action : setUp: com.utils.reporting.createFile is PASSED

2019-06-24 17:51:50 - [TEST_STEP][PASSED] - testName = testCaseContext.getTestCaseId(): null

2019-06-24 17:51:50 - [TEST_STEP][PASSED] - fullPath = testName: null

2019-06-24 17:51:50 - [TEST_STEP][PASSED] - segments = fullPath.split("/"): null

2019-06-24 17:51:50 - [TEST_STEP][PASSED] - testName = segments[length - 1]: null

2019-06-24 17:51:50 - [TEST_STEP][PASSED] - moduleName = segments[length - 2]: null

2019-06-24 17:51:50 - [TEST_STEP][PASSED] - browserName = getExecutedBrowser().getName(): null

2019-06-24 17:51:50 - [TEST_STEP][PASSED] - browser = browserName: null

2019-06-24 17:51:50 - [TEST_STEP][PASSED] - partition = browser.split("_"): null

2019-06-24 17:51:50 - [TEST_STEP][PASSED] - browserName = partition[length - 2]: null

2019-06-24 17:51:50 - [TEST_STEP][PASSED] - println(browserName): null

2019-06-24 17:51:50 - [TEST_STEP][PASSED] - com.utils.reporting.createFile(testName): com.utils.reporting.createFile is PASSED

2019-06-24 17:51:50 - [MESSAGE][PASSED] - com.utils.reporting.createFile is PASSED

2019-06-24 17:51:50 - [TEST_STEP][PASSED] - openBrowser(""): Browser is opened with url: ''

2019-06-24 17:51:51 - [MESSAGE][INFO] - Starting 'Chrome' driver

2019-06-24 17:51:51 - [MESSAGE][INFO] - Action delay is set to 0 seconds

2019-06-24 17:51:55 - [MESSAGE][PASSED] - Browser is opened with url: ''

2019-06-24 17:51:55 - [TEST_STEP][PASSED] - navigateToUrl(URL): Navigate to 'http://cncdevui.azurewebsites.net/UI/#/account/login' successfully

2019-06-24 17:52:57 - [MESSAGE][PASSED] - Navigate to 'http://cncdevui.azurewebsites.net/UI/#/account/login' successfully

2019-06-24 17:52:57 - [TEST_STEP][PASSED] - waitForPageLoad(Max_Delay): Wait for page load successfully

2019-06-24 17:52:57 - [MESSAGE][PASSED] - Wait for page load successfully

2019-06-24 17:52:57 - [TEST_STEP][PASSED] - maximizeWindow(): Current window maximized

2019-06-24 17:52:58 - [MESSAGE][PASSED] - Current window maximized

2019-06-24 17:52:58 - [TEST_STEP][PASSED] - try: null

2019-06-24 17:52:58 - [TEST_STEP][PASSED] - verifyElementVisible(findTestObject("Page_Login/div_genpact-logo")): Object 'Object Repository/Page_Login/div_genpact-logo' is visible

2019-06-24 17:52:58 - [MESSAGE][PASSED] - Object 'Object Repository/Page_Login/div_genpact-logo' is visible

2019-06-24 17:52:58 - [TEST_STEP][PASSED] - verifyElementVisible(findTestObject("Page_Login/edittext_Username")): Object 'Object Repository/Page_Login/edittext_Username' is visible

2019-06-24 17:52:58 - [MESSAGE][PASSED] - Object 'Object Repository/Page_Login/edittext_Username' is visible

2019-06-24 17:52:58 - [TEST_STEP][PASSED] - verifyElementVisible(findTestObject("Page_Login/edittext_Password")): Object 'Object Repository/Page_Login/edittext_Password' is visible

2019-06-24 17:52:58 - [MESSAGE][PASSED] - Object 'Object Repository/Page_Login/edittext_Password' is visible

2019-06-24 17:52:58 - [TEST_STEP][PASSED] - verifyElementClickable(findTestObject("Page_Login/button_SIGN IN")): Object 'Object Repository/Page_Login/button_SIGN IN' is clickable

2019-06-24 17:52:59 - [MESSAGE][PASSED] - Object 'Object Repository/Page_Login/button_SIGN IN' is clickable

2019-06-24 17:52:59 - [TEST_STEP][PASSED] - verifyElementVisible(findTestObject("Page_Login/a_Dashboard"), 10): null

2019-06-24 17:52:59 - [TEST_STEP][PASSED] - catch (Exception e): com.utils.reporting.writeIntoFile is PASSED

2019-06-24 17:52:59 - [TEST_STEP][PASSED] - com.utils.reporting.writeIntoFile(testName, "stepSummary", "stepDecription", browserName, "ActualResult", fail, e.getMessage(), com.utils.reporting.getCurrentDateTime()): com.utils.reporting.writeIntoFile is PASSED

2019-06-24 17:52:59 - [MESSAGE][PASSED] - com.utils.reporting.getCurrentDateTime is PASSED

2019-06-24 17:52:59 - [MESSAGE][PASSED] - Taking screenshot successfully
[[ATTACHMENT|C:\\Users\\703177749\\Desktop\\Katalon - EnTAF Reporting\\Katalon - EnTAF Reporting\\EnTAF Reporting\\\\Results\\Screenshots\\report_24-Jun-2019 17-52-59.jpg]]

2019-06-24 17:52:59 - [MESSAGE][PASSED] - com.utils.reporting.writeIntoFile is PASSED

2019-06-24 17:52:59 - [TEST_STEP][PASSED] - Start listener action : tearDown: null

2019-06-24 17:52:59 - [TEST_STEP][PASSED] - com.utils.reporting.afterTestRun(): com.utils.reporting.afterTestRun is PASSED

2019-06-24 17:52:59 - [MESSAGE][PASSED] - com.utils.reporting.afterTestRun is PASSED

2019-06-24 17:52:59 - [TEST_STEP][PASSED] - com.utils.reporting.afterScript(moduleName, testName): com.utils.reporting.afterScript is PASSED

2019-06-24 17:52:59 - [MESSAGE][PASSED] - com.utils.reporting.afterScript is PASSED

2019-06-24 17:52:59 - [TEST_STEP][PASSED] - stepNo = 1: null]]></system-out>
         <system-err><![CDATA[]]></system-err>
      </testcase>
      <system-out><![CDATA[2019-06-24 17:51:49 - [TEST_SUITE][PASSED] - New Test Suite: Test Cases/report]]></system-out>
      <system-err><![CDATA[]]></system-err>
   </testsuite>
</testsuites>
